<?xml version="1.0" encoding="UTF-8"?>
<!-- Generated by org.testng.reporters.JUnitReportReporter -->
<testsuite skipped="0" hostname="DESKTOP-0M1MH5T" name="com.qa.linkedin.testcases.LinkedinDataDrivenTest" tests="9" failures="0" timestamp="2021-10-07T08:19:57 IST" time="69.222" errors="0">
  <testcase name="doPeopeSearchTest" time="6.365" classname="com.qa.linkedin.testcases.LinkedinDataDrivenTest"/>
  <system-out/>
  <testcase name="doPeopeSearchTest" time="6.188" classname="com.qa.linkedin.testcases.LinkedinDataDrivenTest"/>
  <system-out/>
  <testcase name="doPeopeSearchTest" time="6.169" classname="com.qa.linkedin.testcases.LinkedinDataDrivenTest"/>
  <system-out/>
  <testcase name="doPeopeSearchTest" time="6.393" classname="com.qa.linkedin.testcases.LinkedinDataDrivenTest"/>
  <system-out/>
  <testcase name="doPeopeSearchTest" time="5.947" classname="com.qa.linkedin.testcases.LinkedinDataDrivenTest"/>
  <system-out/>
  <testcase name="doPeopeSearchTest" time="6.360" classname="com.qa.linkedin.testcases.LinkedinDataDrivenTest"/>
  <system-out/>
  <testcase name="doLoginTest" time="19.359" classname="com.qa.linkedin.testcases.LinkedinDataDrivenTest"/>
  <system-out/>
  <testcase name="doPeopeSearchTest" time="6.247" classname="com.qa.linkedin.testcases.LinkedinDataDrivenTest"/>
  <system-out/>
  <testcase name="doPeopeSearchTest" time="6.194" classname="com.qa.linkedin.testcases.LinkedinDataDrivenTest"/>
  <system-out/>
</testsuite> <!-- com.qa.linkedin.testcases.LinkedinDataDrivenTest -->
